@storybook/cli v7.0.12

info => Cleaning outputDir: C:\Users\cesar\AppData\Local\Temp\chromatic--2780-psTdm8CTG2dA
info => Loading presets
info => Building manager..
info => Manager built (154 ms)
info => Copying static files: C:\Users\cesar\Documents\Courses\React-Pro-Course\07-my-storybook\node_modules\@storybook\manager\static at C:\Users\cesar\AppData\Local\Temp\chromatic--2780-psTdm8CTG2dA\sb-common-assets
[36mvite v4.3.7 [32mbuilding for production...[36m[39m

./sb-common-assets/fonts.css doesn't exist at build time, it will remain unchanged to be resolved at runtime
transforming...
Use of eval in "node_modules/telejson/dist/index.mjs" is strongly discouraged as it poses security risks and may cause issues with minification.
Use of eval in "node_modules/telejson/dist/index.mjs" is strongly discouraged as it poses security risks and may cause issues with minification.
[32m✓[39m 1374 modules transformed.
rendering chunks...
computing gzip size...
[2m../../../../AppData/Local/Temp/chromatic--2780-psTdm8CTG2dA/[22m[32massets/direction-94a9917f.svg                       [39m[1m[2m  1.28 kB[22m[1m[22m[2m │ gzip:   0.71 kB[22m
[2m../../../../AppData/Local/Temp/chromatic--2780-psTdm8CTG2dA/[22m[32massets/flow-275142c6.svg                            [39m[1m[2m  1.39 kB[22m[1m[22m[2m │ gzip:   0.68 kB[22m
[2m../../../../AppData/Local/Temp/chromatic--2780-psTdm8CTG2dA/[22m[32massets/code-brackets-9ef6443e.svg                   [39m[1m[2m  1.46 kB[22m[1m[22m[2m │ gzip:   0.69 kB[22m
[2m../../../../AppData/Local/Temp/chromatic--2780-psTdm8CTG2dA/[22m[32massets/comments-f15a6837.svg                        [39m[1m[2m  1.53 kB[22m[1m[22m[2m │ gzip:   0.70 kB[22m
[2m../../../../AppData/Local/Temp/chromatic--2780-psTdm8CTG2dA/[22m[32massets/repo-fb4ece47.svg                            [39m[1m[2m  1.64 kB[22m[1m[22m[2m │ gzip:   0.83 kB[22m
[2m../../../../AppData/Local/Temp/chromatic--2780-psTdm8CTG2dA/[22m[32massets/plugin-57148314.svg                          [39m[1m[2m  2.17 kB[22m[1m[22m[2m │ gzip:   0.98 kB[22m
[2m../../../../AppData/Local/Temp/chromatic--2780-psTdm8CTG2dA/[22m[32massets/stackalt-2ad81543.svg                        [39m[1m[2m  2.55 kB[22m[1m[22m[2m │ gzip:   1.09 kB[22m
[2m../../../../AppData/Local/Temp/chromatic--2780-psTdm8CTG2dA/[22m[32massets/colors-ac9401f3.svg                          [39m[1m[2m  8.51 kB[22m[1m[22m[2m │ gzip:   3.61 kB[22m
[2m../../../../AppData/Local/Temp/chromatic--2780-psTdm8CTG2dA/[22m[32miframe.html                                         [39m[1m[2m 12.78 kB[22m[1m[22m[2m │ gzip:   3.58 kB[22m
[2m../../../../AppData/Local/Temp/chromatic--2780-psTdm8CTG2dA/[22m[35massets/MyLabel.stories-1ad6a616.css                 [39m[1m[2m  0.26 kB[22m[1m[22m[2m │ gzip:   0.18 kB[22m
[2m../../../../AppData/Local/Temp/chromatic--2780-psTdm8CTG2dA/[22m[35massets/Header-a6911580.css                          [39m[1m[2m  0.51 kB[22m[1m[22m[2m │ gzip:   0.31 kB[22m
[2m../../../../AppData/Local/Temp/chromatic--2780-psTdm8CTG2dA/[22m[35massets/Button-bc1a867b.css                          [39m[1m[2m  0.52 kB[22m[1m[22m[2m │ gzip:   0.29 kB[22m
[2m../../../../AppData/Local/Temp/chromatic--2780-psTdm8CTG2dA/[22m[35massets/Page.stories-ece1482a.css                    [39m[1m[2m  0.93 kB[22m[1m[22m[2m │ gzip:   0.39 kB[22m
[2m../../../../AppData/Local/Temp/chromatic--2780-psTdm8CTG2dA/[22m[36massets/preview-1e5c59db.js                          [39m[1m[2m  0.19 kB[22m[1m[22m[2m │ gzip:   0.19 kB[22m[2m │ map:     0.62 kB[22m
[2m../../../../AppData/Local/Temp/chromatic--2780-psTdm8CTG2dA/[22m[36massets/index-d475d2ea.js                            [39m[1m[2m  0.21 kB[22m[1m[22m[2m │ gzip:   0.17 kB[22m[2m │ map:     0.84 kB[22m
[2m../../../../AppData/Local/Temp/chromatic--2780-psTdm8CTG2dA/[22m[36massets/index-186b3228.js                            [39m[1m[2m  0.25 kB[22m[1m[22m[2m │ gzip:   0.20 kB[22m[2m │ map:     0.10 kB[22m
[2m../../../../AppData/Local/Temp/chromatic--2780-psTdm8CTG2dA/[22m[36massets/WithTooltip-FBT32F6Q-a6da3dce.js             [39m[1m[2m  0.42 kB[22m[1m[22m[2m │ gzip:   0.26 kB[22m[2m │ map:     0.11 kB[22m
[2m../../../../AppData/Local/Temp/chromatic--2780-psTdm8CTG2dA/[22m[36massets/syntaxhighlighter-QTQ2UBB4-3458fb8e.js       [39m[1m[2m  0.44 kB[22m[1m[22m[2m │ gzip:   0.28 kB[22m[2m │ map:     0.12 kB[22m
[2m../../../../AppData/Local/Temp/chromatic--2780-psTdm8CTG2dA/[22m[36massets/index-1d576ef5.js                            [39m[1m[2m  0.53 kB[22m[1m[22m[2m │ gzip:   0.34 kB[22m[2m │ map:     4.29 kB[22m
[2m../../../../AppData/Local/Temp/chromatic--2780-psTdm8CTG2dA/[22m[36massets/preview-05e24b0b.js                          [39m[1m[2m  0.54 kB[22m[1m[22m[2m │ gzip:   0.34 kB[22m[2m │ map:     0.56 kB[22m
[2m../../../../AppData/Local/Temp/chromatic--2780-psTdm8CTG2dA/[22m[36massets/react-18-5792738b.js                         [39m[1m[2m  0.59 kB[22m[1m[22m[2m │ gzip:   0.38 kB[22m[2m │ map:     2.64 kB[22m
[2m../../../../AppData/Local/Temp/chromatic--2780-psTdm8CTG2dA/[22m[36massets/preview-5ef354f3.js                          [39m[1m[2m  0.69 kB[22m[1m[22m[2m │ gzip:   0.49 kB[22m[2m │ map:     3.91 kB[22m
[2m../../../../AppData/Local/Temp/chromatic--2780-psTdm8CTG2dA/[22m[36massets/_commonjsHelpers-042e6b4d.js                 [39m[1m[2m  0.78 kB[22m[1m[22m[2m │ gzip:   0.44 kB[22m[2m │ map:     0.11 kB[22m
[2m../../../../AppData/Local/Temp/chromatic--2780-psTdm8CTG2dA/[22m[36massets/index-356e4a49.js                            [39m[1m[2m  0.81 kB[22m[1m[22m[2m │ gzip:   0.51 kB[22m[2m │ map:     3.27 kB[22m
[2m../../../../AppData/Local/Temp/chromatic--2780-psTdm8CTG2dA/[22m[36massets/preview-b1164a2e.js                          [39m[1m[2m  0.88 kB[22m[1m[22m[2m │ gzip:   0.58 kB[22m[2m │ map:     2.90 kB[22m
[2m../../../../AppData/Local/Temp/chromatic--2780-psTdm8CTG2dA/[22m[36massets/Header.stories-cb4fc4b5.js                   [39m[1m[2m  0.89 kB[22m[1m[22m[2m │ gzip:   0.48 kB[22m[2m │ map:     0.11 kB[22m
[2m../../../../AppData/Local/Temp/chromatic--2780-psTdm8CTG2dA/[22m[36massets/jsx-runtime-91a467a5.js                      [39m[1m[2m  1.02 kB[22m[1m[22m[2m │ gzip:   0.64 kB[22m[2m │ map:     2.32 kB[22m
[2m../../../../AppData/Local/Temp/chromatic--2780-psTdm8CTG2dA/[22m[36massets/Button-adfefb74.js                           [39m[1m[2m  1.23 kB[22m[1m[22m[2m │ gzip:   0.60 kB[22m[2m │ map:     1.52 kB[22m
[2m../../../../AppData/Local/Temp/chromatic--2780-psTdm8CTG2dA/[22m[36massets/DocsRenderer-EYKKDMVH-09de1124.js            [39m[1m[2m  1.26 kB[22m[1m[22m[2m │ gzip:   0.69 kB[22m[2m │ map:     2.55 kB[22m
[2m../../../../AppData/Local/Temp/chromatic--2780-psTdm8CTG2dA/[22m[36massets/Button.stories-e490347d.js                   [39m[1m[2m  1.52 kB[22m[1m[22m[2m │ gzip:   0.59 kB[22m[2m │ map:     0.13 kB[22m
[2m../../../../AppData/Local/Temp/chromatic--2780-psTdm8CTG2dA/[22m[36massets/Header-5acc50a0.js                           [39m[1m[2m  1.56 kB[22m[1m[22m[2m │ gzip:   0.74 kB[22m[2m │ map:     2.79 kB[22m
[2m../../../../AppData/Local/Temp/chromatic--2780-psTdm8CTG2dA/[22m[36massets/preview-a60aa466.js                          [39m[1m[2m  2.40 kB[22m[1m[22m[2m │ gzip:   1.25 kB[22m[2m │ map:    11.05 kB[22m
[2m../../../../AppData/Local/Temp/chromatic--2780-psTdm8CTG2dA/[22m[36massets/index-d37d4223.js                            [39m[1m[2m  2.63 kB[22m[1m[22m[2m │ gzip:   1.30 kB[22m[2m │ map:     7.47 kB[22m
[2m../../../../AppData/Local/Temp/chromatic--2780-psTdm8CTG2dA/[22m[36massets/MyLabel.stories-042cbfde.js                  [39m[1m[2m  3.20 kB[22m[1m[22m[2m │ gzip:   1.12 kB[22m[2m │ map:     1.53 kB[22m
[2m../../../../AppData/Local/Temp/chromatic--2780-psTdm8CTG2dA/[22m[36massets/preview-770cc08b.js                          [39m[1m[2m  3.22 kB[22m[1m[22m[2m │ gzip:   1.39 kB[22m[2m │ map:    10.05 kB[22m
[2m../../../../AppData/Local/Temp/chromatic--2780-psTdm8CTG2dA/[22m[36massets/iframe-82f3cbab.js                           [39m[1m[2m  5.27 kB[22m[1m[22m[2m │ gzip:   1.79 kB[22m[2m │ map:     6.07 kB[22m
[2m../../../../AppData/Local/Temp/chromatic--2780-psTdm8CTG2dA/[22m[36massets/Introduction-54bfb6aa.js                     [39m[1m[2m  6.65 kB[22m[1m[22m[2m │ gzip:   2.21 kB[22m[2m │ map:    11.57 kB[22m
[2m../../../../AppData/Local/Temp/chromatic--2780-psTdm8CTG2dA/[22m[36massets/index-8db94870.js                            [39m[1m[2m  7.21 kB[22m[1m[22m[2m │ gzip:   2.95 kB[22m[2m │ map:    15.71 kB[22m
[2m../../../../AppData/Local/Temp/chromatic--2780-psTdm8CTG2dA/[22m[36massets/preview-d8c963a4.js                          [39m[1m[2m  7.67 kB[22m[1m[22m[2m │ gzip:   1.60 kB[22m[2m │ map:    13.71 kB[22m
[2m../../../../AppData/Local/Temp/chromatic--2780-psTdm8CTG2dA/[22m[36massets/preview-2cd4e1a1.js                          [39m[1m[2m  8.00 kB[22m[1m[22m[2m │ gzip:   3.04 kB[22m[2m │ map:    28.12 kB[22m
[2m../../../../AppData/Local/Temp/chromatic--2780-psTdm8CTG2dA/[22m[36massets/index-3639c647.js                            [39m[1m[2m 10.06 kB[22m[1m[22m[2m │ gzip:   3.66 kB[22m[2m │ map:    26.61 kB[22m
[2m../../../../AppData/Local/Temp/chromatic--2780-psTdm8CTG2dA/[22m[36massets/GlobalScrollAreaStyles-XIHNDKUY-d7530095.js  [39m[1m[2m 10.40 kB[22m[1m[22m[2m │ gzip:   2.34 kB[22m[2m │ map:    15.73 kB[22m
[2m../../../../AppData/Local/Temp/chromatic--2780-psTdm8CTG2dA/[22m[36massets/preview-bc596eab.js                          [39m[1m[2m 11.13 kB[22m[1m[22m[2m │ gzip:   3.76 kB[22m[2m │ map:    41.77 kB[22m
[2m../../../../AppData/Local/Temp/chromatic--2780-psTdm8CTG2dA/[22m[36massets/Color-3YIJY6X7-9380c9b4.js                   [39m[1m[2m 31.03 kB[22m[1m[22m[2m │ gzip:  11.64 kB[22m[2m │ map:   112.76 kB[22m
[2m../../../../AppData/Local/Temp/chromatic--2780-psTdm8CTG2dA/[22m[36massets/OverlayScrollbars-VAV6LJAB-0dd13967.js       [39m[1m[2m 58.97 kB[22m[1m[22m[2m │ gzip:  25.28 kB[22m[2m │ map:   277.46 kB[22m
[2m../../../../AppData/Local/Temp/chromatic--2780-psTdm8CTG2dA/[22m[36massets/index-9900c05c.js                            [39m[1m[2m212.55 kB[22m[1m[22m[2m │ gzip:  66.45 kB[22m[2m │ map:   651.78 kB[22m
[2m../../../../AppData/Local/Temp/chromatic--2780-psTdm8CTG2dA/[22m[36massets/config-b9a93f6d.js                           [39m[1m[2m213.98 kB[22m[1m[22m[2m │ gzip:  66.66 kB[22m[2m │ map:   805.23 kB[22m
[2m../../../../AppData/Local/Temp/chromatic--2780-psTdm8CTG2dA/[22m[36massets/Page.stories-e488f55a.js                     [39m[1m[2m313.64 kB[22m[1m[22m[2m │ gzip:  77.01 kB[22m[2m │ map: 1,123.14 kB[22m
[2m../../../../AppData/Local/Temp/chromatic--2780-psTdm8CTG2dA/[22m[36massets/index-7640e5ec.js                            [39m[1m[33m502.73 kB[39m[22m[2m │ gzip: 165.53 kB[22m[2m │ map: 1,440.73 kB[22m
[2m../../../../AppData/Local/Temp/chromatic--2780-psTdm8CTG2dA/[22m[36massets/formatter-S4K5WUZV-0506c35f.js               [39m[1m[33m601.61 kB[39m[22m[2m │ gzip: 185.03 kB[22m[2m │ map: 1,314.28 kB[22m
[33m
(!) Some chunks are larger than 500 kBs after minification. Consider:
- Using dynamic import() to code-split the application
- Use build.rollupOptions.output.manualChunks to improve chunking: https://rollupjs.org/configuration-options/#output-manualchunks
- Adjust chunk size limit for this warning via build.chunkSizeWarningLimit.[39m
[32m✓ built in 11.38s[39m
info => Output directory: C:\Users\cesar\AppData\Local\Temp\chromatic--2780-psTdm8CTG2dA
